---------------------------------------- 15/10/2020 ----------------------------------------
09:28:41  WinID=500288 Start Dt-server. Ver. 1.00.12 Oct 15 2020 09:26:22
09:28:41  WinID=500288 Device name NODEV Port=9001
09:29:40  WinID=500288 Stop Dt-server.
---------------------------------------- 15/10/2020 ----------------------------------------
11:13:20  WinID=4708ce Start Dt-server. Ver. 1.00.12 Oct 15 2020 09:26:22
11:13:20  WinID=4708ce Device name NODEV Port=9001
---------------------------------------- 15/10/2020 ----------------------------------------
11:18:19  WinID=e086a Start Dt-server. Ver. 1.00.12 Oct 15 2020 11:18:12
11:18:19  WinID=e086a Device name NODEV Port=9001
---------------------------------------- 15/10/2020 ----------------------------------------
11:19:20  WinID=90866 Start Dt-server. Ver. 1.00.12 Oct 15 2020 11:19:13
11:19:20  WinID=90866 Device name NODEV Port=9001
11:19:47  WinID=90866 Stop Dt-server.
---------------------------------------- 15/10/2020 ----------------------------------------
11:57:29  WinID=1d022a Start Dt-server. Ver. 1.00.12 Oct 15 2020 11:57:11
11:57:29  WinID=1d022a Device name NODEV Port=9001
11:57:35  WinID=1d022a Stop Dt-server.
---------------------------------------- 15/10/2020 ----------------------------------------
11:59:10  WinID=240826 Start Dt-server. Ver. 1.00.12 Oct 15 2020 11:59:02
11:59:10  WinID=240826 Device name NODEV Port=9001
11:59:23  WinID=240826 Stop Dt-server.
---------------------------------------- 15/10/2020 ----------------------------------------
12:02:13  WinID=8b0464 Start Dt-server. Ver. 1.00.12 Oct 15 2020 12:02:05
12:02:13  WinID=8b0464 Device name NODEV Port=9001
12:02:23  WinID=8b0464 Stop Dt-server.
---------------------------------------- 15/10/2020 ----------------------------------------
12:06:35  WinID=24022a Start Dt-server. Ver. 1.00.12 Oct 15 2020 12:06:26
12:06:35  WinID=24022a Device name NODEV Port=9001
---------------------------------------- 15/10/2020 ----------------------------------------
12:08:53  WinID=1f07d6 Start Dt-server. Ver. 1.00.12 Oct 15 2020 12:08:44
12:08:53  WinID=1f07d6 Device name NODEV Port=9001
---------------------------------------- 15/10/2020 ----------------------------------------
12:11:24  WinID=390558 Start Dt-server. Ver. 1.00.12 Oct 15 2020 12:11:15
12:11:24  WinID=390558 Device name NODEV Port=9001
---------------------------------------- 15/10/2020 ----------------------------------------
14:36:18  WinID=6f07be Start Dt-server. Ver. 1.00.12 Oct 15 2020 14:35:59
14:36:18  WinID=6f07be Device name NODEV Port=9001
---------------------------------------- 15/10/2020 ----------------------------------------
15:17:31  WinID=7908ac Start Dt-server. Ver. 1.00.12 Oct 15 2020 15:17:12
15:17:31  WinID=7908ac Device name NODEV Port=9001
15:17:46  WinID=7908ac Stop Dt-server.
---------------------------------------- 15/10/2020 ----------------------------------------
15:21:49  WinID=7307e6 Start Dt-server. Ver. 1.00.12 Oct 15 2020 15:21:25
15:21:49  WinID=7307e6 Device name NODEV Port=9001
---------------------------------------- 15/10/2020 ----------------------------------------
15:24:34  WinID=9c081a Start Dt-server. Ver. 1.00.12 Oct 15 2020 15:24:26
15:24:34  WinID=9c081a Device name NODEV Port=9001
15:24:49  WinID=9c081a Stop Dt-server.
---------------------------------------- 15/10/2020 ----------------------------------------
15:37:47  WinID=7907e6 Start Dt-server. Ver. 1.00.12 Oct 15 2020 15:37:37
15:37:47  WinID=7907e6 Device name NODEV Port=9001
---------------------------------------- 15/10/2020 ----------------------------------------
15:52:19  WinID=3b0782 Start Dt-server. Ver. 1.00.12 Oct 15 2020 15:52:02
15:52:19  WinID=3b0782 Device name NODEV Port=9001
15:52:29  WinID=3b0782 Stop Dt-server.
---------------------------------------- 15/10/2020 ----------------------------------------
15:54:13  WinID=870432 Start Dt-server. Ver. 1.00.12 Oct 15 2020 15:54:05
15:54:13  WinID=870432 Device name NODEV Port=9001
---------------------------------------- 15/10/2020 ----------------------------------------
15:55:44  WinID=a4081a Start Dt-server. Ver. 1.00.12 Oct 15 2020 15:55:35
15:55:44  WinID=a4081a Device name NODEV Port=9001
15:56:22  WinID=a4081a Stop Dt-server.
---------------------------------------- 15/10/2020 ----------------------------------------
16:02:47  WinID=1b072c Start Dt-server. Ver. 1.00.12 Oct 15 2020 16:02:30
16:02:47  WinID=1b072c Device name NODEV Port=9001
16:05:47  WinID=1b072c Stop Dt-server.
---------------------------------------- 15/10/2020 ----------------------------------------
16:52:33  WinID=39055c Start Dt-server. Ver. 1.00.12 Oct 15 2020 16:52:25
16:52:33  WinID=39055c Device name NODEV Port=9001
16:56:05  WinID=39055c Stop Dt-server.
---------------------------------------- 15/10/2020 ----------------------------------------
17:00:02  WinID=b0472 Start Dt-server. Ver. 1.00.12 Oct 15 2020 16:52:25
17:00:02  WinID=b0472 Device name NODEV Port=9001
17:27:30  WinID=b0472 Stop Dt-server.
---------------------------------------- 15/10/2020 ----------------------------------------
17:56:22  WinID=1303e4 Start Dt-server. Ver. 1.00.12 Oct 15 2020 17:56:12
17:56:22  WinID=1303e4 Device name NODEV Port=9001
17:56:29  WinID=1303e4 Stop Dt-server.
---------------------------------------- 15/10/2020 ----------------------------------------
17:57:28  WinID=120406 Start Dt-server. Ver. 1.00.12 Oct 15 2020 17:57:16
17:57:28  WinID=120406 Device name NODEV Port=9001
17:58:09  WinID=120406 Stop Dt-server.
---------------------------------------- 16/10/2020 ----------------------------------------
09:15:00  WinID=bf041a Start Dt-server. Ver. 1.00.12 Oct 15 2020 17:57:16
09:15:00  WinID=bf041a Device name NODEV Port=9001
---------------------------------------- 16/10/2020 ----------------------------------------
09:28:45  WinID=9607be Start Dt-server. Ver. 1.00.12 Oct 16 2020 09:28:35
09:28:45  WinID=9607be Device name NODEV Port=9001
---------------------------------------- 16/10/2020 ----------------------------------------
10:26:21  WinID=eb041a Start Dt-server. Ver. 1.00.12 Oct 16 2020 10:26:11
10:26:21  WinID=eb041a Device name NODEV Port=9001
10:26:53  WinID=eb041a Stop Dt-server.
---------------------------------------- 16/10/2020 ----------------------------------------
10:27:38  WinID=6b08d8 Start Dt-server. Ver. 1.00.12 Oct 16 2020 10:26:11
10:27:38  WinID=6b08d8 Device name NODEV Port=9001
10:27:54  WinID=6b08d8 Stop Dt-server.
---------------------------------------- 16/10/2020 ----------------------------------------
10:29:32  WinID=6c03a4 Start Dt-server. Ver. 1.00.12 Oct 16 2020 10:29:22
10:29:32  WinID=6c03a4 Device name NODEV Port=9001
10:30:25  WinID=6c03a4 Stop Dt-server.
---------------------------------------- 16/10/2020 ----------------------------------------
10:31:31  WinID=3c07f2 Start Dt-server. Ver. 1.00.12 Oct 16 2020 10:30:33
10:31:31  WinID=3c07f2 Device name NODEV Port=9001
10:31:48  WinID=3c07f2 Stop Dt-server.
---------------------------------------- 16/10/2020 ----------------------------------------
10:33:43  WinID=3d07f2 Start Dt-server. Ver. 1.00.12 Oct 16 2020 10:30:33
10:33:43  WinID=3d07f2 Device name NODEV Port=9001
10:34:15  WinID=3d07f2 Stop Dt-server.
---------------------------------------- 16/10/2020 ----------------------------------------
11:22:54  WinID=26081e Start Dt-server. Ver. 1.00.12 Oct 16 2020 10:30:33
11:22:54  WinID=26081e Device name NODEV Port=9001
11:31:07  WinID=26081e Stop Dt-server.
---------------------------------------- 16/10/2020 ----------------------------------------
11:35:07  WinID=7c0204 Start Dt-server. Ver. 1.00.12 Oct 16 2020 10:30:33
11:35:07  WinID=7c0204 Device name NODEV Port=9001
11:35:24  WinID=7c0204 Stop Dt-server.
---------------------------------------- 16/10/2020 ----------------------------------------
11:36:04  WinID=5b073c Start Dt-server. Ver. 1.00.12 Oct 16 2020 10:30:33
11:36:04  WinID=5b073c Device name A5XN16 Port=9001
11:36:19  WinID=5b073c Stop Dt-server.
---------------------------------------- 16/10/2020 ----------------------------------------
11:41:49  WinID=26090a Start Dt-server. Ver. 1.00.12 Oct 16 2020 10:30:33
11:41:49  WinID=26090a Device name A5XN16 Port=9001
11:42:12  WinID=26090a Stop Dt-server.
---------------------------------------- 16/10/2020 ----------------------------------------
11:51:35  WinID=b3020e Start Dt-server. Ver. 1.00.12 Oct 16 2020 11:51:26
11:51:35  WinID=b3020e Device name A5XN16 Port=9001
---------------------------------------- 16/10/2020 ----------------------------------------
12:00:28  WinID=ad056c Start Dt-server. Ver. 1.00.12 Oct 16 2020 12:00:19
12:00:28  WinID=ad056c Device name A5XN16 Port=9001
---------------------------------------- 16/10/2020 ----------------------------------------
15:41:58  WinID=4d0852 Start Dt-server. Ver. 1.00.12 Oct 16 2020 12:00:19
15:41:58  WinID=4d0852 Device name A5XN16 Port=9001
15:42:41  WinID=4d0852 Stop Dt-server.
---------------------------------------- 16/10/2020 ----------------------------------------
15:43:11  WinID=13b041a Start Dt-server. Ver. 1.00.12 Oct 16 2020 12:00:19
15:43:11  WinID=13b041a Device name A6ZN16 Port=9001
---------------------------------------- 16/10/2020 ----------------------------------------
16:17:49  WinID=300734 Start Dt-server. Ver. 1.00.12 Oct 16 2020 12:00:19
16:17:49  WinID=300734 Device name A6ZN16 Port=9001
---------------------------------------- 16/10/2020 ----------------------------------------
16:18:21  WinID=149041a Start Dt-server. Ver. 1.00.12 Oct 16 2020 12:00:19
16:18:21  WinID=149041a Device name A6ZN16 Port=9001
---------------------------------------- 16/10/2020 ----------------------------------------
16:19:21  WinID=320734 Start Dt-server. Ver. 1.00.12 Oct 16 2020 12:00:19
16:19:21  WinID=320734 Device name A6ZN16 Port=9001
16:21:47  WinID=320734 Stop Dt-server.
---------------------------------------- 16/10/2020 ----------------------------------------
16:21:50  WinID=360920 Start Dt-server. Ver. 1.00.12 Oct 16 2020 12:00:19
16:21:50  WinID=360920 Device name A6ZN16 Port=9001
---------------------------------------- 16/10/2020 ----------------------------------------
16:23:39  WinID=740236 Start Dt-server. Ver. 1.00.12 Oct 16 2020 12:00:19
16:23:39  WinID=740236 Device name A6ZN16 Port=9001
---------------------------------------- 16/10/2020 ----------------------------------------
17:49:48  WinID=1206a0 Start Dt-server. Ver. 1.00.12 Oct 16 2020 17:48:32
17:49:48  WinID=1206a0 Device name A6ZN16 Port=9001
---------------------------------------- 19/10/2020 ----------------------------------------
11:38:57  WinID=c0408 Start Dt-server. Ver. 1.00.12 Oct 16 2020 17:48:32
11:38:57  WinID=c0408 Device name A6ZN16 Port=9001
---------------------------------------- 19/10/2020 ----------------------------------------
11:39:17  WinID=12035e Start Dt-server. Ver. 1.00.12 Oct 16 2020 17:48:32
11:39:17  WinID=12035e Device name A6ZN16 Port=9001
---------------------------------------- 19/10/2020 ----------------------------------------
11:39:58  WinID=190538 Start Dt-server. Ver. 1.00.12 Oct 16 2020 17:48:32
11:39:58  WinID=190538 Device name A6A704 Port=9001
---------------------------------------- 19/10/2020 ----------------------------------------
11:40:18  WinID=150482 Start Dt-server. Ver. 1.00.12 Oct 16 2020 17:48:32
11:40:18  WinID=150482 Device name A6A704 Port=9001
---------------------------------------- 20/10/2020 ----------------------------------------
09:29:56  WinID=340746 Start Dt-server. Ver. 1.00.12 Oct 16 2020 17:48:32
09:29:56  WinID=340746 Device name AA6A704 Port=9001
09:30:31  WinID=340746 Stop Dt-server.
---------------------------------------- 22/10/2020 ----------------------------------------
12:14:10  WinID=5307f2 Start Dt-server. Ver. 1.00.12 Oct 22 2020 12:14:00
12:14:10  WinID=5307f2 Device name AA6A704 Port=9001
12:14:25  WinID=5307f2 Stop Dt-server.
---------------------------------------- 22/10/2020 ----------------------------------------
12:14:55  WinID=5407f2 Start Dt-server. Ver. 1.00.12 Oct 22 2020 12:14:00
12:14:55  WinID=5407f2 Device name AA6A704 Port=9001
12:50:40  WinID=5407f2 Stop Dt-server.
---------------------------------------- 22/10/2020 ----------------------------------------
16:09:53  WinID=fc07d4 Start Dt-server. Ver. 1.00.12 Oct 22 2020 12:14:00
16:09:53  WinID=fc07d4 Device name AA6A704 Port=9001
16:10:20  WinID=fc07d4 Stop Dt-server.
---------------------------------------- 22/10/2020 ----------------------------------------
16:23:04  WinID=180948 Start Dt-server. Ver. 1.00.12 Oct 22 2020 16:22:52
16:23:04  WinID=180948 Device name AA6A704 Port=9001
---------------------------------------- 22/10/2020 ----------------------------------------
16:24:18  WinID=280962 Start Dt-server. Ver. 1.00.12 Oct 22 2020 16:24:06
16:24:18  WinID=280962 Device name AA6A704 Port=9001
16:25:01  WinID=280962 Stop Dt-server.
---------------------------------------- 22/10/2020 ----------------------------------------
16:26:21  WinID=9107de Start Dt-server. Ver. 1.00.12 Oct 22 2020 16:26:10
16:26:21  WinID=9107de Device name AA6A704 Port=9001
---------------------------------------- 22/10/2020 ----------------------------------------
16:27:48  WinID=3607ce Start Dt-server. Ver. 1.00.12 Oct 22 2020 16:27:37
16:27:48  WinID=3607ce Device name AA6A704 Port=9001
---------------------------------------- 22/10/2020 ----------------------------------------
16:29:11  WinID=13a07ca Start Dt-server. Ver. 1.00.12 Oct 22 2020 16:29:00
16:29:11  WinID=13a07ca Device name AA6A704 Port=9001
16:33:01  WinID=13a07ca Stop Dt-server.
---------------------------------------- 23/10/2020 ----------------------------------------
09:45:35  WinID=40690 Start Dt-server. Ver. 1.00.12 Oct 22 2020 16:29:00
09:45:35  WinID=40690 Device name AA6A704 Port=9001
09:45:49  WinID=40690 Stop Dt-server.
---------------------------------------- 23/10/2020 ----------------------------------------
09:46:33  WinID=408fa Start Dt-server. Ver. 1.00.12 Oct 23 2020 09:46:24
09:46:33  WinID=408fa Device name A6A704 Port=9001
---------------------------------------- 23/10/2020 ----------------------------------------
09:58:26  WinID=908ac Start Dt-server. Ver. 1.00.12 Oct 23 2020 09:56:20
09:58:26  WinID=908ac Device name A6A704 Port=9001
---------------------------------------- 23/10/2020 ----------------------------------------
10:10:25  WinID=f08ac Start Dt-server. Ver. 1.00.12 Oct 23 2020 09:56:20
10:10:25  WinID=f08ac Device name A6A704 Port=9001
---------------------------------------- 23/10/2020 ----------------------------------------
10:12:52  WinID=26056e Start Dt-server. Ver. 1.00.12 Oct 23 2020 09:56:20
10:12:52  WinID=26056e Device name A6A704 Port=9001
---------------------------------------- 23/10/2020 ----------------------------------------
10:14:41  WinID=bf07e8 Start Dt-server. Ver. 1.00.12 Oct 23 2020 09:56:20
10:14:41  WinID=bf07e8 Device name A6A704 Port=9001
---------------------------------------- 23/10/2020 ----------------------------------------
10:16:47  WinID=100906 Start Dt-server. Ver. 1.00.12 Oct 23 2020 09:56:20
10:16:47  WinID=100906 Device name A6A704 Port=9001
---------------------------------------- 23/10/2020 ----------------------------------------
10:23:18  WinID=c807e8 Start Dt-server. Ver. 1.00.12 Oct 23 2020 09:56:20
10:23:18  WinID=c807e8 Device name A6A704 Port=9001
---------------------------------------- 23/10/2020 ----------------------------------------
10:28:18  WinID=d006d2 Start Dt-server. Ver. 1.00.12 Oct 23 2020 09:56:20
10:28:18  WinID=d006d2 Device name A6A704 Port=9001
---------------------------------------- 23/10/2020 ----------------------------------------
10:30:16  WinID=51093e Start Dt-server. Ver. 1.00.12 Oct 23 2020 09:56:20
10:30:16  WinID=51093e Device name A6A704 Port=9001
---------------------------------------- 23/10/2020 ----------------------------------------
10:32:37  WinID=4f0580 Start Dt-server. Ver. 1.00.12 Oct 23 2020 09:56:20
10:32:37  WinID=4f0580 Device name A6A704 Port=9001
---------------------------------------- 23/10/2020 ----------------------------------------
10:34:08  WinID=3208da Start Dt-server. Ver. 1.00.12 Oct 23 2020 09:56:20
10:34:08  WinID=3208da Device name A6A704 Port=9001
---------------------------------------- 23/10/2020 ----------------------------------------
10:38:07  WinID=53080c Start Dt-server. Ver. 1.00.12 Oct 23 2020 09:56:20
10:38:07  WinID=53080c Device name A6A704 Port=9001
---------------------------------------- 23/10/2020 ----------------------------------------
10:38:56  WinID=670810 Start Dt-server. Ver. 1.00.12 Oct 23 2020 09:56:20
10:38:56  WinID=670810 Device name A6A704 Port=9001
10:39:21  WinID=670810 Stop Dt-server.
---------------------------------------- 23/10/2020 ----------------------------------------
10:40:36  WinID=6d05fa Start Dt-server. Ver. 1.00.12 Oct 23 2020 09:56:20
10:40:36  WinID=6d05fa Device name A6A704 Port=9001
10:40:56  WinID=6d05fa Stop Dt-server.
---------------------------------------- 23/10/2020 ----------------------------------------
10:42:04  WinID=3408ac Start Dt-server. Ver. 1.00.12 Oct 23 2020 09:56:20
10:42:04  WinID=3408ac Device name A6A704 Port=9001
---------------------------------------- 23/10/2020 ----------------------------------------
10:43:21  WinID=11c0780 Start Dt-server. Ver. 1.00.12 Oct 23 2020 09:56:20
10:43:21  WinID=11c0780 Device name A6A704 Port=9001
---------------------------------------- 23/10/2020 ----------------------------------------
10:44:18  WinID=12068e Start Dt-server. Ver. 1.00.12 Oct 23 2020 09:56:20
10:44:18  WinID=12068e Device name A6A704 Port=9001
---------------------------------------- 23/10/2020 ----------------------------------------
10:49:29  WinID=d407e8 Start Dt-server. Ver. 1.00.12 Oct 23 2020 09:56:20
10:49:29  WinID=d407e8 Device name A6A704 Port=9001
---------------------------------------- 23/10/2020 ----------------------------------------
10:51:16  WinID=a6073a Start Dt-server. Ver. 1.00.12 Oct 23 2020 09:56:20
10:51:16  WinID=a6073a Device name A6A704 Port=9001
---------------------------------------- 23/10/2020 ----------------------------------------
10:53:07  WinID=9402d0 Start Dt-server. Ver. 1.00.12 Oct 23 2020 09:56:20
10:53:07  WinID=9402d0 Device name A6A704 Port=9001
---------------------------------------- 23/10/2020 ----------------------------------------
11:01:50  WinID=1908f0 Start Dt-server. Ver. 1.00.12 Oct 23 2020 09:56:20
11:01:50  WinID=1908f0 Device name A6A704 Port=9001
---------------------------------------- 23/10/2020 ----------------------------------------
11:03:24  WinID=19089e Start Dt-server. Ver. 1.00.12 Oct 23 2020 09:56:20
11:03:24  WinID=19089e Device name A6A704 Port=9001
---------------------------------------- 23/10/2020 ----------------------------------------
11:04:40  WinID=1a071e Start Dt-server. Ver. 1.00.12 Oct 23 2020 09:56:20
11:04:40  WinID=1a071e Device name A6A704 Port=9001
11:05:11  WinID=1a071e Stop Dt-server.
---------------------------------------- 23/10/2020 ----------------------------------------
11:06:42  WinID=380572 Start Dt-server. Ver. 1.00.12 Oct 23 2020 09:56:20
11:06:42  WinID=380572 Device name A6A704 Port=9001
11:07:12  WinID=380572 Stop Dt-server.
---------------------------------------- 23/10/2020 ----------------------------------------
11:08:19  WinID=3608e0 Start Dt-server. Ver. 1.00.12 Oct 23 2020 09:56:20
11:08:19  WinID=3608e0 Device name A6A704 Port=9001
11:09:07  WinID=3608e0 Stop Dt-server.
---------------------------------------- 23/10/2020 ----------------------------------------
11:11:54  WinID=6a0874 Start Dt-server. Ver. 1.00.12 Oct 23 2020 09:56:20
11:11:54  WinID=6a0874 Device name A6A704 Port=9001
---------------------------------------- 23/10/2020 ----------------------------------------
11:12:32  WinID=22090a Start Dt-server. Ver. 1.00.12 Oct 23 2020 09:56:20
11:12:32  WinID=22090a Device name A6A704 Port=9001
11:12:58  WinID=22090a Stop Dt-server.
---------------------------------------- 23/10/2020 ----------------------------------------
11:14:13  WinID=182017a Start Dt-server. Ver. 1.00.12 Oct 23 2020 09:56:20
11:14:13  WinID=182017a Device name A6A704 Port=9001
11:14:26  WinID=182017a Stop Dt-server.
---------------------------------------- 23/10/2020 ----------------------------------------
11:21:39  WinID=130830 Start Dt-server. Ver. 1.00.12 Oct 23 2020 09:56:20
11:21:39  WinID=130830 Device name A6A704 Port=9001
11:21:59  WinID=130830 Stop Dt-server.
---------------------------------------- 23/10/2020 ----------------------------------------
11:28:02  WinID=c4073c Start Dt-server. Ver. 1.00.12 Oct 23 2020 09:56:20
11:28:02  WinID=c4073c Device name A6A704 Port=9001
---------------------------------------- 23/10/2020 ----------------------------------------
11:35:27  WinID=fe0764 Start Dt-server. Ver. 1.00.12 Oct 23 2020 09:56:20
11:35:27  WinID=fe0764 Device name A6A704 Port=9001
11:35:42  WinID=fe0764 Stop Dt-server.
---------------------------------------- 23/10/2020 ----------------------------------------
11:38:16  WinID=25095a Start Dt-server. Ver. 1.00.12 Oct 23 2020 09:56:20
11:38:17  WinID=25095a Device name A6A704 Port=9001
11:38:34  WinID=25095a Stop Dt-server.
---------------------------------------- 23/10/2020 ----------------------------------------
11:41:42  WinID=740580 Start Dt-server. Ver. 1.00.12 Oct 23 2020 09:56:20
11:41:42  WinID=740580 Device name A6A704 Port=9001
11:42:02  WinID=740580 Stop Dt-server.
---------------------------------------- 23/10/2020 ----------------------------------------
11:46:58  WinID=27095a Start Dt-server. Ver. 1.00.12 Oct 23 2020 09:56:20
11:46:58  WinID=27095a Device name A6A704 Port=9001
11:47:17  WinID=27095a Stop Dt-server.
---------------------------------------- 23/10/2020 ----------------------------------------
11:51:13  WinID=2808c6 Start Dt-server. Ver. 1.00.12 Oct 23 2020 09:56:20
11:51:13  WinID=2808c6 Device name A6A704 Port=9001
11:51:38  WinID=2808c6 Stop Dt-server.
---------------------------------------- 23/10/2020 ----------------------------------------
14:18:22  WinID=2f08e8 Start Dt-server. Ver. 1.00.12 Oct 23 2020 14:18:14
14:18:22  WinID=2f08e8 Device name A6A704 Port=9001
14:19:06  WinID=2f08e8 Stop Dt-server.
---------------------------------------- 23/10/2020 ----------------------------------------
14:30:22  WinID=a00722 Start Dt-server. Ver. 1.00.12 Oct 23 2020 14:30:14
14:30:22  WinID=a00722 Device name A6A704 Port=9001
14:30:52  WinID=a00722 Stop Dt-server.
---------------------------------------- 23/10/2020 ----------------------------------------
17:10:48  WinID=d206aa Start Dt-server. Ver. 1.00.12 Oct 23 2020 17:10:38
17:10:48  WinID=d206aa Device name A6A704 Port=9001
17:11:15  WinID=d206aa Stop Dt-server.
---------------------------------------- 23/10/2020 ----------------------------------------
17:14:58  WinID=7003a8 Start Dt-server. Ver. 1.00.12 Oct 23 2020 17:14:48
17:14:58  WinID=7003a8 Device name A6A704 Port=9001
17:15:28  WinID=7003a8 Stop Dt-server.
---------------------------------------- 23/10/2020 ----------------------------------------
17:16:08  WinID=7103a8 Start Dt-server. Ver. 1.00.12 Oct 23 2020 17:15:57
17:16:08  WinID=7103a8 Device name A6A704 Port=9001
17:16:28  WinID=7103a8 Stop Dt-server.
---------------------------------------- 23/10/2020 ----------------------------------------
17:22:42  WinID=12206ea Start Dt-server. Ver. 1.00.12 Oct 23 2020 17:22:30
17:22:42  WinID=12206ea Device name A6A704 Port=9001
17:23:29  WinID=12206ea Stop Dt-server.
---------------------------------------- 23/10/2020 ----------------------------------------
17:24:31  WinID=a90958 Start Dt-server. Ver. 1.00.12 Oct 23 2020 17:24:22
17:24:31  WinID=a90958 Device name A6A704 Port=9001
17:24:58  WinID=a90958 Stop Dt-server.
---------------------------------------- 23/10/2020 ----------------------------------------
17:28:57  WinID=cf0952 Start Dt-server. Ver. 1.00.12 Oct 23 2020 17:28:48
17:28:57  WinID=cf0952 Device name A6A704 Port=9001
17:29:16  WinID=cf0952 Stop Dt-server.
---------------------------------------- 27/10/2020 ----------------------------------------
14:23:12  WinID=7608c0 Start Dt-server. Ver. 1.00.12 Oct 27 2020 14:23:02
14:23:12  WinID=7608c0 Device name A6A704 Port=9001
14:24:19  WinID=7608c0 Stop Dt-server.
---------------------------------------- 27/10/2020 ----------------------------------------
14:37:08  WinID=f30582 Start Dt-server. Ver. 1.00.12 Oct 27 2020 14:36:50
14:37:08  WinID=f30582 Device name A6A704 Port=9001
14:37:13  WinID=f30582 Stop Dt-server.
---------------------------------------- 27/10/2020 ----------------------------------------
14:37:42  WinID=8506b0 Start Dt-server. Ver. 1.00.12 Oct 27 2020 14:37:32
14:37:42  WinID=8506b0 Device name A6A704 Port=9001
---------------------------------------- 27/10/2020 ----------------------------------------
14:44:22  WinID=2e071e Start Dt-server. Ver. 1.00.12 Oct 27 2020 14:37:32
14:44:22  WinID=2e071e Device name A6A704 Port=9001
14:45:01  WinID=2e071e Stop Dt-server.
---------------------------------------- 27/10/2020 ----------------------------------------
14:51:55  WinID=1404f0 Start Dt-server. Ver. 1.00.12 Oct 27 2020 14:51:34
14:51:55  WinID=1404f0 Device name A6A704 Port=9001
14:52:31  WinID=1404f0 Stop Dt-server.
---------------------------------------- 27/10/2020 ----------------------------------------
16:29:25  WinID=6c071e Start Dt-server. Ver. 1.00.12 Oct 27 2020 16:29:14
16:29:25  WinID=6c071e Device name A6A704 Port=9001
16:29:54  WinID=6c071e Stop Dt-server.
---------------------------------------- 27/10/2020 ----------------------------------------
16:31:06  WinID=3004e8 Start Dt-server. Ver. 1.00.12 Oct 27 2020 16:30:57
16:31:06  WinID=3004e8 Device name A6A704 Port=9001
---------------------------------------- 27/10/2020 ----------------------------------------
16:36:04  WinID=8906b0 Start Dt-server. Ver. 1.00.12 Oct 27 2020 16:30:57
16:36:05  WinID=8906b0 Device name A6A704 Port=9001
---------------------------------------- 27/10/2020 ----------------------------------------
16:37:06  WinID=f90582 Start Dt-server. Ver. 1.00.12 Oct 27 2020 16:30:57
16:37:06  WinID=f90582 Device name A6A704 Port=9001
---------------------------------------- 27/10/2020 ----------------------------------------
16:41:49  WinID=c0542 Start Dt-server. Ver. 1.00.12 Oct 27 2020 16:30:57
16:41:49  WinID=c0542 Device name A6A704 Port=9001
16:42:25  WinID=c0542 Stop Dt-server.
---------------------------------------- 27/10/2020 ----------------------------------------
16:43:20  WinID=a7095e Start Dt-server. Ver. 1.00.12 Oct 27 2020 16:43:10
16:43:20  WinID=a7095e Device name A6A704 Port=9001
16:43:42  WinID=a7095e Stop Dt-server.
---------------------------------------- 27/10/2020 ----------------------------------------
16:47:32  WinID=3c0362 Start Dt-server. Ver. 1.00.12 Oct 27 2020 16:47:23
16:47:32  WinID=3c0362 Device name A6A704 Port=9001
16:49:33  WinID=3c0362 Stop Dt-server.
---------------------------------------- 27/10/2020 ----------------------------------------
17:21:33  WinID=10f0582 Start Dt-server. Ver. 1.00.12 Oct 27 2020 17:21:21
17:21:33  WinID=10f0582 Device name A6A704 Port=9001
17:22:50  WinID=10f0582 Stop Dt-server.
---------------------------------------- 27/10/2020 ----------------------------------------
17:22:55  WinID=74090a Start Dt-server. Ver. 1.00.12 Oct 27 2020 17:21:21
17:22:55  WinID=74090a Device name A6A704 Port=9001
17:23:48  WinID=74090a Stop Dt-server.
---------------------------------------- 27/10/2020 ----------------------------------------
17:24:27  WinID=440922 Start Dt-server. Ver. 1.00.12 Oct 27 2020 17:21:21
17:24:27  WinID=440922 Device name A6A704 Port=9001
---------------------------------------- 27/10/2020 ----------------------------------------
17:51:21  WinID=230512 Start Dt-server. Ver. 1.00.12 Oct 27 2020 17:51:12
17:51:21  WinID=230512 Device name A6A704 Port=9001
17:56:37  WinID=230512 Stop Dt-server.
---------------------------------------- 27/10/2020 ----------------------------------------
18:00:13  WinID=8c055c Start Dt-server. Ver. 1.00.12 Oct 27 2020 17:59:43
18:00:13  WinID=8c055c Device name A6A704 Port=9001
18:02:28  WinID=8c055c Stop Dt-server.
---------------------------------------- 28/10/2020 ----------------------------------------
09:16:57  WinID=7d0576 Start Dt-server. Ver. 1.00.12 Oct 28 2020 09:16:40
09:16:57  WinID=7d0576 Device name A6A704 Port=9001
09:17:11  WinID=7d0576 Stop Dt-server.
---------------------------------------- 28/10/2020 ----------------------------------------
09:20:34  WinID=5a0362 Start Dt-server. Ver. 1.00.12 Oct 28 2020 09:20:25
09:20:34  WinID=5a0362 Device name A6A704 Port=9001
09:20:46  WinID=5a0362 Stop Dt-server.
---------------------------------------- 28/10/2020 ----------------------------------------
09:21:37  WinID=3b03cc Start Dt-server. Ver. 1.00.12 Oct 28 2020 09:21:28
09:21:37  WinID=3b03cc Device name A6A704 Port=9001
---------------------------------------- 28/10/2020 ----------------------------------------
09:34:11  WinID=3c03cc Start Dt-server. Ver. 1.00.12 Oct 28 2020 09:30:54
09:34:11  WinID=3c03cc Device name A6A704 Port=9001
09:35:03  WinID=3c03cc Stop Dt-server.
---------------------------------------- 28/10/2020 ----------------------------------------
09:36:08  WinID=6a0946 Start Dt-server. Ver. 1.00.12 Oct 28 2020 09:35:58
09:36:08  WinID=6a0946 Device name A6A704 Port=9001
09:37:18  WinID=6a0946 Stop Dt-server.
---------------------------------------- 28/10/2020 ----------------------------------------
09:39:34  WinID=690362 Start Dt-server. Ver. 1.00.12 Oct 28 2020 09:35:58
09:39:34  WinID=690362 Device name A6A704 Port=9001
09:41:42  WinID=690362 Stop Dt-server.
---------------------------------------- 28/10/2020 ----------------------------------------
09:52:23  WinID=5f07f6 Start Dt-server. Ver. 1.00.12 Oct 28 2020 09:52:04
09:52:23  WinID=5f07f6 Device name A6A704 Port=9001
09:54:10  WinID=5f07f6 Stop Dt-server.
---------------------------------------- 28/10/2020 ----------------------------------------
09:58:40  WinID=3602f4 Start Dt-server. Ver. 1.00.12 Oct 28 2020 09:58:31
09:58:40  WinID=3602f4 Device name A6A704 Port=9001
---------------------------------------- 28/10/2020 ----------------------------------------
10:00:40  WinID=3706c8 Start Dt-server. Ver. 1.00.12 Oct 28 2020 09:58:31
10:00:40  WinID=3706c8 Device name A6A704 Port=9001
10:08:58  WinID=3706c8 Stop Dt-server.
---------------------------------------- 28/10/2020 ----------------------------------------
10:09:06  WinID=3806c8 Start Dt-server. Ver. 1.00.12 Oct 28 2020 09:58:31
10:09:06  WinID=3806c8 Device name A6A704 Port=9001
10:09:42  WinID=3806c8 Stop Dt-server.
---------------------------------------- 28/10/2020 ----------------------------------------
10:09:48  WinID=8103b8 Start Dt-server. Ver. 1.00.12 Oct 28 2020 09:58:31
10:09:48  WinID=8103b8 Device name A6A704 Port=9001
10:10:35  WinID=8103b8 Stop Dt-server.
---------------------------------------- 28/10/2020 ----------------------------------------
10:13:21  WinID=5906c0 Start Dt-server. Ver. 1.00.12 Oct 28 2020 09:58:31
10:13:21  WinID=5906c0 Device name A6A704 Port=9001
10:15:08  WinID=5906c0 Stop Dt-server.
---------------------------------------- 28/10/2020 ----------------------------------------
10:17:08  WinID=64091a Start Dt-server. Ver. 1.00.12 Oct 28 2020 10:16:59
10:17:08  WinID=64091a Device name A6A704 Port=9001
10:18:08  WinID=64091a Stop Dt-server.
---------------------------------------- 28/10/2020 ----------------------------------------
10:18:39  WinID=11808a8 Start Dt-server. Ver. 1.00.12 Oct 28 2020 10:16:59
10:18:39  WinID=11808a8 Device name A6A704 Port=9001
10:19:42  WinID=11808a8 Stop Dt-server.
---------------------------------------- 28/10/2020 ----------------------------------------
10:35:21  WinID=4707a0 Start Dt-server. Ver. 1.00.12 Oct 28 2020 10:34:49
10:35:21  WinID=4707a0 Device name A6A704 Port=9001
10:35:34  WinID=4707a0 Stop Dt-server.
---------------------------------------- 28/10/2020 ----------------------------------------
10:36:02  WinID=e7077a Start Dt-server. Ver. 1.00.12 Oct 28 2020 10:35:54
10:36:02  WinID=e7077a Device name A6A704 Port=9001
10:36:24  WinID=e7077a Stop Dt-server.
---------------------------------------- 28/10/2020 ----------------------------------------
10:36:32  WinID=4e0680 Start Dt-server. Ver. 1.00.12 Oct 28 2020 10:35:54
10:36:32  WinID=4e0680 Device name A6A704 Port=9001
10:37:56  WinID=4e0680 Stop Dt-server.
---------------------------------------- 28/10/2020 ----------------------------------------
10:38:16  WinID=1340582 Start Dt-server. Ver. 1.00.12 Oct 28 2020 10:35:54
10:38:16  WinID=1340582 Device name A6A704 Port=9001
10:39:31  WinID=1340582 Stop Dt-server.
---------------------------------------- 28/10/2020 ----------------------------------------
10:40:44  WinID=6c091a Start Dt-server. Ver. 1.00.12 Oct 28 2020 10:35:54
10:40:44  WinID=6c091a Device name A6A704 Port=9001
---------------------------------------- 28/10/2020 ----------------------------------------
10:42:11  WinID=1e307d4 Start Dt-server. Ver. 1.00.12 Oct 28 2020 10:42:02
10:42:11  WinID=1e307d4 Device name A6A704 Port=9001
---------------------------------------- 28/10/2020 ----------------------------------------
11:02:28  WinID=650500 Start Dt-server. Ver. 1.00.12 Oct 28 2020 11:01:55
11:02:28  WinID=650500 Device name A6A704 Port=9001
11:03:11  WinID=650500 Stop Dt-server.
---------------------------------------- 28/10/2020 ----------------------------------------
11:03:18  WinID=660500 Start Dt-server. Ver. 1.00.12 Oct 28 2020 11:01:55
11:03:18  WinID=660500 Device name A6A704 Port=9001
11:04:49  WinID=660500 Stop Dt-server.
---------------------------------------- 28/10/2020 ----------------------------------------
11:08:33  WinID=3c0900 Start Dt-server. Ver. 1.00.12 Oct 28 2020 11:08:25
11:08:33  WinID=3c0900 Device name A6A704 Port=9001
11:12:12  WinID=3c0900 Stop Dt-server.
---------------------------------------- 28/10/2020 ----------------------------------------
11:12:18  WinID=3d0900 Start Dt-server. Ver. 1.00.12 Oct 28 2020 11:08:25
11:12:18  WinID=3d0900 Device name A6A704 Port=9001
11:12:53  WinID=3d0900 Stop Dt-server.
---------------------------------------- 28/10/2020 ----------------------------------------
11:16:05  WinID=4c06c8 Start Dt-server. Ver. 1.00.12 Oct 28 2020 11:15:55
11:16:05  WinID=4c06c8 Device name AA6A704 Port=9001
11:19:34  WinID=4c06c8 Stop Dt-server.
---------------------------------------- 28/10/2020 ----------------------------------------
11:24:20  WinID=32047a Start Dt-server. Ver. 1.00.12 Oct 28 2020 11:15:55
11:24:20  WinID=32047a Device name AA6A704 Port=9001
11:26:18  WinID=32047a Stop Dt-server.
---------------------------------------- 28/10/2020 ----------------------------------------
11:41:25  WinID=520706 Start Dt-server. Ver. 1.00.12 Oct 28 2020 11:40:44
11:42:35  WinID=520706 Stop Dt-server.
---------------------------------------- 28/10/2020 ----------------------------------------
12:07:34  WinID=13a08a8 Start Dt-server. Ver. 1.00.12 Oct 28 2020 11:40:44
12:09:32  WinID=13a08a8 Stop Dt-server.
---------------------------------------- 28/10/2020 ----------------------------------------
12:24:18  WinID=97093c Start Dt-server. Ver. 1.00.12 Oct 28 2020 12:24:03
12:25:58  WinID=97093c Stop Dt-server.
---------------------------------------- 28/10/2020 ----------------------------------------
14:26:17  WinID=780680 Start Dt-server. Ver. 1.00.12 Oct 28 2020 14:25:41
---------------------------------------- 28/10/2020 ----------------------------------------
14:29:43  WinID=790680 Start Dt-server. Ver. 1.00.12 Oct 28 2020 14:25:41
---------------------------------------- 28/10/2020 ----------------------------------------
14:40:11  WinID=510298 Start Dt-server. Ver. 1.00.12 Oct 28 2020 14:39:36
14:41:50  WinID=510298 Stop Dt-server.
---------------------------------------- 28/10/2020 ----------------------------------------
14:42:19  WinID=7b0680 Start Dt-server. Ver. 1.00.12 Oct 28 2020 14:39:36
14:45:23  WinID=7b0680 Stop Dt-server.
---------------------------------------- 28/10/2020 ----------------------------------------
14:45:26  WinID=10a08ac Start Dt-server. Ver. 1.00.12 Oct 28 2020 14:39:36
14:48:51  WinID=10a08ac Stop Dt-server.
---------------------------------------- 28/10/2020 ----------------------------------------
14:49:03  WinID=10b08ac Start Dt-server. Ver. 1.00.12 Oct 28 2020 14:39:36
14:50:45  WinID=10b08ac Stop Dt-server.
---------------------------------------- 28/10/2020 ----------------------------------------
14:51:48  WinID=8606c8 Start Dt-server. Ver. 1.00.12 Oct 28 2020 14:39:36
14:56:10  WinID=8606c8 Stop Dt-server.
---------------------------------------- 28/10/2020 ----------------------------------------
14:58:28  WinID=3c065e Start Dt-server. Ver. 1.00.12 Oct 28 2020 14:58:19
14:59:13  WinID=3c065e Stop Dt-server.
---------------------------------------- 28/10/2020 ----------------------------------------
15:00:26  WinID=1b0700 Start Dt-server. Ver. 1.00.12 Oct 28 2020 14:58:19
15:00:50  WinID=1b0700 Stop Dt-server.
---------------------------------------- 28/10/2020 ----------------------------------------
15:01:34  WinID=6c0482 Start Dt-server. Ver. 1.00.12 Oct 28 2020 14:58:19
15:02:27  WinID=6c0482 Stop Dt-server.
---------------------------------------- 28/10/2020 ----------------------------------------
15:02:52  WinID=df095e Start Dt-server. Ver. 1.00.12 Oct 28 2020 14:58:19
15:06:14  WinID=df095e Stop Dt-server.
---------------------------------------- 28/10/2020 ----------------------------------------
15:06:30  WinID=1d008a8 Start Dt-server. Ver. 1.00.12 Oct 28 2020 14:58:19
15:07:07  WinID=1d008a8 Stop Dt-server.
---------------------------------------- 28/10/2020 ----------------------------------------
15:10:43  WinID=220700 Start Dt-server. Ver. 1.00.12 Oct 28 2020 15:10:34
15:11:19  WinID=220700 Stop Dt-server.
---------------------------------------- 28/10/2020 ----------------------------------------
15:11:22  WinID=17c069c Start Dt-server. Ver. 1.00.12 Oct 28 2020 15:10:34
15:12:47  WinID=17c069c Stop Dt-server.
---------------------------------------- 28/10/2020 ----------------------------------------
15:14:08  WinID=a207f6 Start Dt-server. Ver. 1.00.12 Oct 28 2020 15:13:58
15:14:50  WinID=a207f6 Stop Dt-server.
---------------------------------------- 28/10/2020 ----------------------------------------
15:15:30  WinID=d90946 Start Dt-server. Ver. 1.00.12 Oct 28 2020 15:13:58
15:19:19  WinID=d90946 Stop Dt-server.
---------------------------------------- 28/10/2020 ----------------------------------------
16:49:20  WinID=4103d2 Start Dt-server. Ver. 1.00.12 Oct 28 2020 16:47:17
16:52:04  WinID=4103d2 Stop Dt-server.
---------------------------------------- 28/10/2020 ----------------------------------------
16:52:32  WinID=820482 Start Dt-server. Ver. 1.00.12 Oct 28 2020 16:47:17
16:53:10  WinID=820482 Stop Dt-server.
---------------------------------------- 28/10/2020 ----------------------------------------
16:54:24  WinID=14d0946 Start Dt-server. Ver. 1.00.12 Oct 28 2020 16:47:17
16:55:43  WinID=14d0946 Stop Dt-server.
---------------------------------------- 28/10/2020 ----------------------------------------
17:01:28  WinID=7e0900 Start Dt-server. Ver. 1.00.12 Oct 28 2020 17:01:17
17:02:30  WinID=7e0900 Stop Dt-server.
---------------------------------------- 28/10/2020 ----------------------------------------
17:02:47  WinID=2708f6 Start Dt-server. Ver. 1.00.12 Oct 28 2020 17:01:17
17:05:39  WinID=2708f6 Stop Dt-server.
---------------------------------------- 28/10/2020 ----------------------------------------
17:05:48  WinID=2808f6 Start Dt-server. Ver. 1.00.12 Oct 28 2020 17:01:17
17:07:33  WinID=2808f6 Stop Dt-server.
---------------------------------------- 28/10/2020 ----------------------------------------
17:58:22  WinID=5503d2 Start Dt-server. Ver. 1.00.12 Oct 28 2020 17:01:17
17:58:57  WinID=5503d2 Stop Dt-server.
---------------------------------------- 29/10/2020 ----------------------------------------
11:10:38  WinID=1470676 Start Dt-server. Ver. 1.00.12 Oct 28 2020 17:01:17
11:11:02  WinID=1470676 Stop Dt-server.
---------------------------------------- 29/10/2020 ----------------------------------------
11:11:07  WinID=d9091a Start Dt-server. Ver. 1.00.12 Oct 28 2020 17:01:17
11:11:31  WinID=d9091a Stop Dt-server.
---------------------------------------- 29/10/2020 ----------------------------------------
11:11:57  WinID=1da017a Start Dt-server. Ver. 1.00.12 Oct 28 2020 17:01:17
11:12:02  WinID=1da017a Stop Dt-server.
---------------------------------------- 29/10/2020 ----------------------------------------
11:12:26  WinID=84053a Start Dt-server. Ver. 1.00.12 Oct 29 2020 11:12:13
11:14:15  WinID=84053a Stop Dt-server.
---------------------------------------- 29/10/2020 ----------------------------------------
13:02:08  WinID=1e06f8 Start Dt-server. Ver. 1.00.12 Oct 29 2020 13:01:16
13:02:29  WinID=1e06f8 Stop Dt-server.
---------------------------------------- 29/10/2020 ----------------------------------------
13:03:10  WinID=a0376 Start Dt-server. Ver. 1.00.12 Oct 29 2020 13:03:00
13:03:16  WinID=a0376 Stop Dt-server.
---------------------------------------- 29/10/2020 ----------------------------------------
13:04:03  WinID=3503ae Start Dt-server. Ver. 1.00.12 Oct 29 2020 13:03:53
13:04:16  WinID=3503ae Stop Dt-server.
---------------------------------------- 29/10/2020 ----------------------------------------
13:05:21  WinID=ee06a0 Start Dt-server. Ver. 1.00.12 Oct 29 2020 13:05:11
13:05:27  WinID=ee06a0 Stop Dt-server.
---------------------------------------- 29/10/2020 ----------------------------------------
13:07:26  WinID=3806b4 Start Dt-server. Ver. 1.00.12 Oct 29 2020 13:05:11
13:07:33  WinID=3806b4 Stop Dt-server.
---------------------------------------- 29/10/2020 ----------------------------------------
13:08:34  WinID=1402dc Start Dt-server. Ver. 1.00.12 Oct 29 2020 13:08:22
13:08:42  WinID=1402dc Stop Dt-server.
---------------------------------------- 29/10/2020 ----------------------------------------
13:09:25  WinID=160384 Start Dt-server. Ver. 1.00.12 Oct 29 2020 13:08:22
13:09:32  WinID=160384 Stop Dt-server.
---------------------------------------- 29/10/2020 ----------------------------------------
13:10:25  WinID=4c0586 Start Dt-server. Ver. 1.00.12 Oct 29 2020 13:10:16
13:10:32  WinID=4c0586 Stop Dt-server.
---------------------------------------- 29/10/2020 ----------------------------------------
13:11:25  WinID=1202de Start Dt-server. Ver. 1.00.12 Oct 29 2020 13:11:12
13:11:35  WinID=1202de Stop Dt-server.
---------------------------------------- 29/10/2020 ----------------------------------------
13:12:50  WinID=a30500 Start Dt-server. Ver. 1.00.12 Oct 29 2020 13:11:12
13:12:55  WinID=a30500 Stop Dt-server.
---------------------------------------- 29/10/2020 ----------------------------------------
13:14:39  WinID=2906f8 Start Dt-server. Ver. 1.00.12 Oct 29 2020 13:14:28
13:14:46  WinID=2906f8 Stop Dt-server.
---------------------------------------- 29/10/2020 ----------------------------------------
13:16:48  WinID=330304 Start Dt-server. Ver. 1.00.12 Oct 29 2020 13:16:39
13:16:55  WinID=330304 Stop Dt-server.
---------------------------------------- 29/10/2020 ----------------------------------------
13:18:40  WinID=200326 Start Dt-server. Ver. 1.00.12 Oct 29 2020 13:18:29
13:18:49  WinID=200326 Stop Dt-server.
---------------------------------------- 29/10/2020 ----------------------------------------
13:20:17  WinID=210326 Start Dt-server. Ver. 1.00.12 Oct 29 2020 13:20:06
13:20:24  WinID=210326 Stop Dt-server.
---------------------------------------- 29/10/2020 ----------------------------------------
13:22:31  WinID=840778 Start Dt-server. Ver. 1.00.12 Oct 29 2020 13:20:06
13:22:36  WinID=840778 Stop Dt-server.
---------------------------------------- 29/10/2020 ----------------------------------------
14:21:31  WinID=c400aa Start Dt-server. Ver. 1.00.12 Oct 29 2020 14:21:19
14:21:38  WinID=c400aa Stop Dt-server.
---------------------------------------- 29/10/2020 ----------------------------------------
14:23:13  WinID=4e0830 Start Dt-server. Ver. 1.00.12 Oct 29 2020 14:23:02
14:23:22  WinID=4e0830 Stop Dt-server.
---------------------------------------- 29/10/2020 ----------------------------------------
14:24:10  WinID=1a0372 Start Dt-server. Ver. 1.00.12 Oct 29 2020 14:24:01
14:24:23  WinID=1a0372 Stop Dt-server.
---------------------------------------- 29/10/2020 ----------------------------------------
14:28:21  WinID=470782 Start Dt-server. Ver. 1.00.12 Oct 29 2020 14:28:11
14:28:29  WinID=470782 Stop Dt-server.
---------------------------------------- 29/10/2020 ----------------------------------------
14:31:29  WinID=5e070a Start Dt-server. Ver. 1.00.12 Oct 29 2020 14:31:19
14:31:36  WinID=5e070a Stop Dt-server.
---------------------------------------- 29/10/2020 ----------------------------------------
14:39:06  WinID=8808dc Start Dt-server. Ver. 1.00.12 Oct 29 2020 14:38:54
14:39:25  WinID=8808dc Stop Dt-server.
---------------------------------------- 29/10/2020 ----------------------------------------
14:41:55  WinID=1d02ee Start Dt-server. Ver. 1.00.12 Oct 29 2020 14:41:44
14:42:18  WinID=1d02ee Stop Dt-server.
---------------------------------------- 29/10/2020 ----------------------------------------
14:42:38  WinID=14083e Start Dt-server. Ver. 1.00.12 Oct 29 2020 14:41:44
14:42:47  WinID=14083e Stop Dt-server.
---------------------------------------- 29/10/2020 ----------------------------------------
14:47:32  WinID=df00aa Start Dt-server. Ver. 1.00.12 Oct 29 2020 14:47:22
14:49:26  WinID=df00aa Stop Dt-server.
---------------------------------------- 29/10/2020 ----------------------------------------
14:49:29  WinID=6503ae Start Dt-server. Ver. 1.00.12 Oct 29 2020 14:47:22
14:49:46  WinID=6503ae Stop Dt-server.
---------------------------------------- 29/10/2020 ----------------------------------------
16:35:08  WinID=960590 Start Dt-server. Ver. 1.00.12 Oct 29 2020 16:31:09
16:35:19  WinID=960590 Stop Dt-server.
---------------------------------------- 29/10/2020 ----------------------------------------
16:37:07  WinID=a20716 Start Dt-server. Ver. 1.00.12 Oct 29 2020 16:31:09
16:37:35  WinID=a20716 Stop Dt-server.
---------------------------------------- 30/10/2020 ----------------------------------------
17:28:05  WinID=7e08b6 Start Dt-server. Ver. 1.00.12 Oct 30 2020 17:26:44
17:28:34  WinID=7e08b6 Stop Dt-server.
---------------------------------------- 02/11/2020 ----------------------------------------
10:51:12  WinID=24007d4 Start Dt-server. Ver. 1.00.12 Oct 30 2020 17:26:44
10:51:50  WinID=24007d4 Stop Dt-server.
---------------------------------------- 02/11/2020 ----------------------------------------
11:32:53  WinID=7b0928 Start Dt-server. Ver. 1.00.12 Nov  2 2020 11:32:31
11:33:44  WinID=7b0928 Stop Dt-server.
---------------------------------------- 02/11/2020 ----------------------------------------
14:58:48  WinID=e0362 Start Dt-server. Ver. 1.00.12 Nov  2 2020 14:43:29
14:59:13  WinID=e0362 Stop Dt-server.
---------------------------------------- 02/11/2020 ----------------------------------------
15:03:05  WinID=50440 Start Dt-server. Ver. 1.00.12 Nov  2 2020 15:02:55
15:03:39  WinID=50440 Stop Dt-server.
---------------------------------------- 02/11/2020 ----------------------------------------
15:05:06  WinID=c046e Start Dt-server. Ver. 1.00.12 Nov  2 2020 15:02:55
15:05:21  WinID=c046e Stop Dt-server.
---------------------------------------- 02/11/2020 ----------------------------------------
15:05:54  WinID=60440 Start Dt-server. Ver. 1.00.12 Nov  2 2020 15:05:44
---------------------------------------- 02/11/2020 ----------------------------------------
15:09:35  WinID=1b0248 Start Dt-server. Ver. 1.00.12 Nov  2 2020 15:09:25
---------------------------------------- 02/11/2020 ----------------------------------------
15:11:46  WinID=1c047a Start Dt-server. Ver. 1.00.12 Nov  2 2020 15:11:36
---------------------------------------- 02/11/2020 ----------------------------------------
15:16:46  WinID=21047a Start Dt-server. Ver. 1.00.12 Nov  2 2020 15:16:35
---------------------------------------- 02/11/2020 ----------------------------------------
15:17:25  WinID=150478 Start Dt-server. Ver. 1.00.12 Nov  2 2020 15:17:13
---------------------------------------- 02/11/2020 ----------------------------------------
15:48:04  WinID=3045a Start Dt-server. Ver. 1.00.12 Nov  2 2020 15:47:45
15:48:21  WinID=3045a Stop Dt-server.
---------------------------------------- 02/11/2020 ----------------------------------------
15:48:57  WinID=3f0388 Start Dt-server. Ver. 1.00.12 Nov  2 2020 15:48:48
---------------------------------------- 02/11/2020 ----------------------------------------
15:49:16  WinID=100432 Start Dt-server. Ver. 1.00.12 Nov  2 2020 15:48:48
15:49:39  WinID=100432 Stop Dt-server.
---------------------------------------- 02/11/2020 ----------------------------------------
16:54:11  WinID=54043e Start Dt-server. Ver. 1.00.12 Nov  2 2020 16:53:51
16:55:26  WinID=54043e Stop Dt-server.
---------------------------------------- 02/11/2020 ----------------------------------------
16:59:29  WinID=4004fa Start Dt-server. Ver. 1.00.12 Nov  2 2020 16:59:19
17:00:14  WinID=4004fa Stop Dt-server.
---------------------------------------- 02/11/2020 ----------------------------------------
17:09:40  WinID=4104fa Start Dt-server. Ver. 1.00.12 Nov  2 2020 17:09:05
17:09:48  WinID=4104fa Stop Dt-server.
---------------------------------------- 02/11/2020 ----------------------------------------
17:10:27  WinID=2a0402 Start Dt-server. Ver. 1.00.12 Nov  2 2020 17:09:05
17:10:41  WinID=2a0402 Stop Dt-server.
---------------------------------------- 02/11/2020 ----------------------------------------
17:11:18  WinID=530480 Start Dt-server. Ver. 1.00.12 Nov  2 2020 17:11:07
17:11:59  WinID=530480 Stop Dt-server.
---------------------------------------- 02/11/2020 ----------------------------------------
17:12:01  WinID=64043e Start Dt-server. Ver. 1.00.12 Nov  2 2020 17:11:07
17:12:26  WinID=64043e Stop Dt-server.
---------------------------------------- 02/11/2020 ----------------------------------------
17:12:44  WinID=2e046e Start Dt-server. Ver. 1.00.12 Nov  2 2020 17:11:07
17:12:56  WinID=2e046e Stop Dt-server.
---------------------------------------- 02/11/2020 ----------------------------------------
17:12:58  WinID=1c047c Start Dt-server. Ver. 1.00.12 Nov  2 2020 17:11:07
17:13:28  WinID=1c047c Stop Dt-server.
---------------------------------------- 02/11/2020 ----------------------------------------
17:15:49  WinID=8048e Start Dt-server. Ver. 1.00.12 Nov  2 2020 17:15:39
17:16:21  WinID=8048e Stop Dt-server.
---------------------------------------- 02/11/2020 ----------------------------------------
17:19:01  WinID=f00d2 Start Dt-server. Ver. 1.00.12 Nov  2 2020 17:18:51
17:19:18  WinID=f00d2 Stop Dt-server.
---------------------------------------- 02/11/2020 ----------------------------------------
17:20:05  WinID=2503f0 Start Dt-server. Ver. 1.00.12 Nov  2 2020 17:18:51
17:20:55  WinID=2503f0 Stop Dt-server.
---------------------------------------- 02/11/2020 ----------------------------------------
17:21:15  WinID=15042a Start Dt-server. Ver. 1.00.12 Nov  2 2020 17:18:51
17:21:22  WinID=15042a Stop Dt-server.
---------------------------------------- 03/11/2020 ----------------------------------------
13:42:55  WinID=180716 Start Dt-server. Ver. 1.00.12 Nov  3 2020 11:26:24
13:43:04  WinID=180716 Stop Dt-server.
---------------------------------------- 03/11/2020 ----------------------------------------
13:43:26  WinID=e0714 Start Dt-server. Ver. 1.00.12 Nov  3 2020 11:26:24
13:44:22  WinID=e0714 Stop Dt-server.
---------------------------------------- 03/11/2020 ----------------------------------------
13:44:25  WinID=f0742 Start Dt-server. Ver. 1.00.12 Nov  3 2020 11:26:24
13:45:11  WinID=f0742 Stop Dt-server.
---------------------------------------- 03/11/2020 ----------------------------------------
13:51:36  WinID=1c0716 Start Dt-server. Ver. 1.00.12 Nov  3 2020 13:51:00
13:52:57  WinID=1c0716 Stop Dt-server.
---------------------------------------- 03/11/2020 ----------------------------------------
13:53:02  WinID=19075e Start Dt-server. Ver. 1.00.12 Nov  3 2020 13:51:00
13:53:26  WinID=19075e Stop Dt-server.
---------------------------------------- 03/11/2020 ----------------------------------------
13:57:23  WinID=e08a4 Start Dt-server. Ver. 1.00.12 Nov  3 2020 13:57:09
13:59:24  WinID=e08a4 Stop Dt-server.
---------------------------------------- 03/11/2020 ----------------------------------------
14:00:10  WinID=2f0714 Start Dt-server. Ver. 1.00.12 Nov  3 2020 13:57:09
14:00:30  WinID=2f0714 Stop Dt-server.
---------------------------------------- 03/11/2020 ----------------------------------------
14:03:35  WinID=310426 Start Dt-server. Ver. 1.00.12 Nov  3 2020 13:57:09
14:03:39  WinID=310426 Stop Dt-server.
---------------------------------------- 03/11/2020 ----------------------------------------
14:04:06  WinID=e0544 Start Dt-server. Ver. 1.00.12 Nov  3 2020 13:57:09
14:05:25  WinID=e0544 Stop Dt-server.
---------------------------------------- 03/11/2020 ----------------------------------------
14:06:02  WinID=590512 Start Dt-server. Ver. 1.00.12 Nov  3 2020 13:57:09
14:06:45  WinID=590512 Stop Dt-server.
---------------------------------------- 03/11/2020 ----------------------------------------
14:07:02  WinID=1f08a8 Start Dt-server. Ver. 1.00.12 Nov  3 2020 13:57:09
14:08:59  WinID=1f08a8 Stop Dt-server.
---------------------------------------- 03/11/2020 ----------------------------------------
14:10:46  WinID=2408a6 Start Dt-server. Ver. 1.00.12 Nov  3 2020 13:57:09
14:11:13  WinID=2408a6 Stop Dt-server.
---------------------------------------- 03/11/2020 ----------------------------------------
14:11:28  WinID=1d08aa Start Dt-server. Ver. 1.00.12 Nov  3 2020 13:57:09
14:11:52  WinID=1d08aa Stop Dt-server.
---------------------------------------- 03/11/2020 ----------------------------------------
14:12:26  WinID=250728 Start Dt-server. Ver. 1.00.12 Nov  3 2020 13:57:09
14:12:56  WinID=250728 Stop Dt-server.
---------------------------------------- 03/11/2020 ----------------------------------------
14:14:56  WinID=2f075e Start Dt-server. Ver. 1.00.12 Nov  3 2020 14:14:40
14:15:13  WinID=2f075e Stop Dt-server.
---------------------------------------- 03/11/2020 ----------------------------------------
14:16:22  WinID=130544 Start Dt-server. Ver. 1.00.12 Nov  3 2020 14:14:40
14:16:34  WinID=130544 Stop Dt-server.
---------------------------------------- 03/11/2020 ----------------------------------------
14:16:43  WinID=33075e Start Dt-server. Ver. 1.00.12 Nov  3 2020 14:14:40
14:17:02  WinID=33075e Stop Dt-server.
---------------------------------------- 03/11/2020 ----------------------------------------
14:17:48  WinID=1a0800 Start Dt-server. Ver. 1.00.12 Nov  3 2020 14:17:32
14:17:56  WinID=1a0800 Stop Dt-server.
---------------------------------------- 03/11/2020 ----------------------------------------
14:18:24  WinID=3307e0 Start Dt-server. Ver. 1.00.12 Nov  3 2020 14:18:10
14:18:33  WinID=3307e0 Stop Dt-server.
---------------------------------------- 03/11/2020 ----------------------------------------
14:30:26  WinID=2d0728 Start Dt-server. Ver. 1.00.12 Nov  3 2020 14:18:10
14:31:03  WinID=2d0728 Stop Dt-server.
---------------------------------------- 03/11/2020 ----------------------------------------
14:31:08  WinID=580402 Start Dt-server. Ver. 1.00.12 Nov  3 2020 14:18:10
14:31:29  WinID=580402 Stop Dt-server.
---------------------------------------- 03/11/2020 ----------------------------------------
14:31:55  WinID=250746 Start Dt-server. Ver. 1.00.12 Nov  3 2020 14:18:10
14:32:05  WinID=250746 Stop Dt-server.
---------------------------------------- 05/11/2020 ----------------------------------------
16:51:40  WinID=62054e Start Dt-server. Ver. 1.00.12 Nov  3 2020 15:36:04
16:51:50  WinID=62054e Stop Dt-server.
---------------------------------------- 06/11/2020 ----------------------------------------
10:01:50  WinID=420676 Start Dt-server. Ver. 1.00.12 Nov  6 2020 10:01:37
10:02:06  WinID=420676 Stop Dt-server.
---------------------------------------- 06/11/2020 ----------------------------------------
10:03:50  WinID=10077e Start Dt-server. Ver. 1.00.12 Nov  6 2020 10:01:37
10:04:04  WinID=10077e Stop Dt-server.
---------------------------------------- 06/11/2020 ----------------------------------------
10:06:31  WinID=70760 Start Dt-server. Ver. 1.00.12 Nov  6 2020 10:01:37
10:06:56  WinID=70760 Stop Dt-server.
---------------------------------------- 06/11/2020 ----------------------------------------
10:07:24  WinID=4802ac Start Dt-server. Ver. 1.00.12 Nov  6 2020 10:01:37
10:07:32  WinID=4802ac Stop Dt-server.
---------------------------------------- 06/11/2020 ----------------------------------------
10:58:04  WinID=2e070e Start Dt-server. Ver. 1.00.12 Nov  6 2020 10:57:53
10:58:20  WinID=2e070e Stop Dt-server.
---------------------------------------- 06/11/2020 ----------------------------------------
10:58:24  WinID=320708 Start Dt-server. Ver. 1.00.12 Nov  6 2020 10:57:53
10:58:30  WinID=320708 Stop Dt-server.
---------------------------------------- 06/11/2020 ----------------------------------------
10:58:32  WinID=8a02ee Start Dt-server. Ver. 1.00.12 Nov  6 2020 10:57:53
10:58:40  WinID=8a02ee Stop Dt-server.
---------------------------------------- 06/11/2020 ----------------------------------------
11:11:54  WinID=2106c0 Start Dt-server. Ver. 1.00.12 Nov  6 2020 11:11:46
11:12:52  WinID=2106c0 Stop Dt-server.
---------------------------------------- 06/11/2020 ----------------------------------------
11:13:59  WinID=20068c Start Dt-server. Ver. 1.00.12 Nov  6 2020 11:13:49
11:14:02  WinID=20068c Stop Dt-server.
---------------------------------------- 06/11/2020 ----------------------------------------
11:14:56  WinID=280544 Start Dt-server. Ver. 1.00.12 Nov  6 2020 11:14:46
11:15:02  WinID=280544 Stop Dt-server.
---------------------------------------- 06/11/2020 ----------------------------------------
11:17:53  WinID=6d0676 Start Dt-server. Ver. 1.00.12 Nov  6 2020 11:17:44
11:18:00  WinID=6d0676 Stop Dt-server.
---------------------------------------- 11/11/2020 ----------------------------------------
10:39:09  WinID=3c073e Start Dt-server. Ver. 1.00.12 Nov  6 2020 11:20:15
10:39:16  WinID=3c073e Stop Dt-server.
---------------------------------------- 11/11/2020 ----------------------------------------
10:39:34  WinID=e07ee Start Dt-server. Ver. 1.00.12 Nov  6 2020 11:20:15
10:39:41  WinID=e07ee Stop Dt-server.
---------------------------------------- 11/11/2020 ----------------------------------------
10:44:56  WinID=f20704 Start Dt-server. Ver. 1.00.12 Nov 11 2020 10:44:47
10:45:02  WinID=f20704 Stop Dt-server.
---------------------------------------- 11/11/2020 ----------------------------------------
10:45:42  WinID=8306c2 Start Dt-server. Ver. 1.00.12 Nov 11 2020 10:45:33
10:46:03  WinID=8306c2 Stop Dt-server.
---------------------------------------- 16/12/2020 ----------------------------------------
15:22:42  WinID=140462 Start Dt-server. Ver. 1.00.12 Dec 16 2020 15:21:16
15:23:03  WinID=140462 Stop Dt-server.
---------------------------------------- 16/12/2020 ----------------------------------------
15:47:16  WinID=7f0460 Start Dt-server. Ver. 1.00.12 Dec 16 2020 15:21:16
15:47:37  WinID=7f0460 Stop Dt-server.
---------------------------------------- 16/12/2020 ----------------------------------------
15:51:56  WinID=260444 Start Dt-server. Ver. 1.00.12 Dec 16 2020 15:21:16
15:52:01  WinID=260444 Stop Dt-server.
---------------------------------------- 16/12/2020 ----------------------------------------
15:52:03  WinID=e0412 Start Dt-server. Ver. 1.00.12 Dec 16 2020 15:21:16
15:52:07  WinID=e0412 Stop Dt-server.
---------------------------------------- 16/12/2020 ----------------------------------------
15:58:58  WinID=4c0760 Start Dt-server. Ver. 1.00.12 Dec 16 2020 15:21:16
15:59:27  WinID=4c0760 Stop Dt-server.
---------------------------------------- 16/12/2020 ----------------------------------------
15:59:44  WinID=400420 Start Dt-server. Ver. 1.00.12 Dec 16 2020 15:21:16
16:00:37  WinID=400420 Stop Dt-server.
---------------------------------------- 16/12/2020 ----------------------------------------
16:08:17  WinID=38081c Start Dt-server. Ver. 1.00.12 Dec 16 2020 16:08:02
16:09:00  WinID=38081c Stop Dt-server.
---------------------------------------- 16/12/2020 ----------------------------------------
16:09:21  WinID=330478 Start Dt-server. Ver. 1.00.12 Dec 16 2020 16:08:02
16:09:25  WinID=330478 Stop Dt-server.
---------------------------------------- 16/12/2020 ----------------------------------------
16:22:50  WinID=1b0628 Start Dt-server. Ver. 1.00.12 Dec 16 2020 16:08:02
16:23:02  WinID=1b0628 Stop Dt-server.
---------------------------------------- 16/12/2020 ----------------------------------------
16:23:56  WinID=3d081c Start Dt-server. Ver. 1.00.12 Dec 16 2020 16:08:02
16:24:04  WinID=3d081c Stop Dt-server.
---------------------------------------- 16/12/2020 ----------------------------------------
16:28:58  WinID=280454 Start Dt-server. Ver. 1.00.12 Dec 16 2020 16:28:44
16:29:09  WinID=280454 Stop Dt-server.
---------------------------------------- 16/12/2020 ----------------------------------------
16:29:37  WinID=1a0412 Start Dt-server. Ver. 1.00.12 Dec 16 2020 16:29:26
16:29:48  WinID=1a0412 Stop Dt-server.
---------------------------------------- 17/12/2020 ----------------------------------------
09:56:30  WinID=8e07ea Start Dt-server. Ver. 1.00.12 Dec 17 2020 09:53:25
09:56:45  WinID=8e07ea Stop Dt-server.
---------------------------------------- 17/12/2020 ----------------------------------------
10:15:58  WinID=9307f2 Start Dt-server. Ver. 1.00.12 Dec 17 2020 09:53:25
10:16:07  WinID=9307f2 Stop Dt-server.
---------------------------------------- 17/12/2020 ----------------------------------------
10:18:22  WinID=29039e Start Dt-server. Ver. 1.00.12 Dec 17 2020 09:53:25
10:19:05  WinID=29039e Stop Dt-server.
---------------------------------------- 17/12/2020 ----------------------------------------
10:30:09  WinID=710462 Start Dt-server. Ver. 1.00.12 Dec 17 2020 09:53:25
10:30:34  WinID=710462 Stop Dt-server.
---------------------------------------- 17/12/2020 ----------------------------------------
15:46:57  WinID=910636 Start Dt-server. Ver. 1.00.12 Dec 17 2020 09:53:25
15:47:14  WinID=910636 Stop Dt-server.
---------------------------------------- 17/12/2020 ----------------------------------------
16:35:12  WinID=be07a8 Start Dt-server. Ver. 1.00.12 Dec 17 2020 16:34:48
16:35:35  WinID=be07a8 Stop Dt-server.
---------------------------------------- 17/12/2020 ----------------------------------------
16:40:47  WinID=7107b0 Start Dt-server. Ver. 1.00.12 Dec 17 2020 16:34:48
16:40:54  WinID=7107b0 Stop Dt-server.
---------------------------------------- 17/12/2020 ----------------------------------------
17:05:20  WinID=4b0592 Start Dt-server. Ver. 1.00.12 Dec 17 2020 17:04:38
17:05:37  WinID=4b0592 Stop Dt-server.
---------------------------------------- 17/12/2020 ----------------------------------------
17:07:05  WinID=600804 Start Dt-server. Ver. 1.00.12 Dec 17 2020 17:06:53
17:07:17  WinID=600804 Stop Dt-server.
---------------------------------------- 17/12/2020 ----------------------------------------
17:09:56  WinID=5b068e Start Dt-server. Ver. 1.00.12 Dec 17 2020 17:09:47
17:10:07  WinID=5b068e Stop Dt-server.
---------------------------------------- 17/12/2020 ----------------------------------------
17:11:24  WinID=b204ba Start Dt-server. Ver. 1.00.12 Dec 17 2020 17:09:47
---------------------------------------- 17/12/2020 ----------------------------------------
17:15:58  WinID=8207b0 Start Dt-server. Ver. 1.00.12 Dec 17 2020 17:09:47
17:16:14  WinID=8207b0 Stop Dt-server.
---------------------------------------- 17/12/2020 ----------------------------------------
17:16:47  WinID=2d0802 Start Dt-server. Ver. 1.00.12 Dec 17 2020 17:09:47
17:16:57  WinID=2d0802 Stop Dt-server.
---------------------------------------- 17/12/2020 ----------------------------------------
17:17:09  WinID=420560 Start Dt-server. Ver. 1.00.12 Dec 17 2020 17:09:47
17:17:28  WinID=420560 Stop Dt-server.
---------------------------------------- 17/12/2020 ----------------------------------------
17:17:30  WinID=9203a4 Start Dt-server. Ver. 1.00.12 Dec 17 2020 17:09:47
17:17:40  WinID=9203a4 Stop Dt-server.
---------------------------------------- 18/12/2020 ----------------------------------------
10:02:51  WinID=4c051a Start Dt-server. Ver. 1.00.12 Dec 17 2020 17:09:47
10:03:13  WinID=4c051a Stop Dt-server.
---------------------------------------- 18/12/2020 ----------------------------------------
10:07:02  WinID=55079e Start Dt-server. Ver. 1.00.12 Dec 18 2020 10:06:48
10:07:16  WinID=55079e Stop Dt-server.
---------------------------------------- 18/12/2020 ----------------------------------------
10:07:18  WinID=1504a2 Start Dt-server. Ver. 1.00.12 Dec 18 2020 10:06:48
10:07:26  WinID=1504a2 Stop Dt-server.
---------------------------------------- 18/12/2020 ----------------------------------------
10:07:30  WinID=7d0592 Start Dt-server. Ver. 1.00.12 Dec 18 2020 10:06:48
10:07:38  WinID=7d0592 Stop Dt-server.
---------------------------------------- 18/12/2020 ----------------------------------------
10:09:54  WinID=9705aa Start Dt-server. Ver. 1.00.12 Dec 18 2020 10:09:42
10:09:59  WinID=9705aa Stop Dt-server.
---------------------------------------- 18/12/2020 ----------------------------------------
13:26:59  WinID=a80840 Start Dt-server. Ver. 1.00.12 Dec 18 2020 10:09:42
13:27:14  WinID=a80840 Stop Dt-server.
---------------------------------------- 25/02/2021 ----------------------------------------
09:29:59  WinID=3206f8 Start Dt-server. Ver. 1.00.12 Dec 18 2020 10:09:42
09:30:06  WinID=3206f8 Stop Dt-server.
---------------------------------------- 25/02/2021 ----------------------------------------
16:32:41  WinID=680438 Start Dt-server. Ver. 1.00.12 Feb 25 2021 16:32:30
16:34:38  WinID=680438 Stop Dt-server.
---------------------------------------- 03/11/2021 ----------------------------------------
11:37:27  WinID=10086a Start Dt-server. Ver. 1.00.12 Sep 30 2021 10:00:44
11:38:11  WinID=10086a Stop Dt-server.
